[debug] [2024-04-09T09:36:09.145Z] ----------------------------------------------------------------------
[debug] [2024-04-09T09:36:09.150Z] Command:       C:\Program Files\nodejs\node.exe C:\Users\Administrator\AppData\Roaming\npm\node_modules\firebase-tools\lib\bin\firebase.js deploy
[debug] [2024-04-09T09:36:09.152Z] CLI Version:   13.7.1
[debug] [2024-04-09T09:36:09.152Z] Platform:      win32
[debug] [2024-04-09T09:36:09.153Z] Node Version:  v21.3.0
[debug] [2024-04-09T09:36:09.153Z] Time:          Tue Apr 09 2024 15:06:09 GMT+0530 (India Standard Time)
[debug] [2024-04-09T09:36:09.154Z] ----------------------------------------------------------------------
[debug] 
[debug] [2024-04-09T09:36:09.355Z] > command requires scopes: ["email","openid","https://www.googleapis.com/auth/cloudplatformprojects.readonly","https://www.googleapis.com/auth/firebase","https://www.googleapis.com/auth/cloud-platform"]
[debug] [2024-04-09T09:36:09.356Z] > authorizing via signed-in user (hellolucifer007@gmail.com)
[debug] [2024-04-09T09:36:09.356Z] [iam] checking project indian-ghats-project for permissions ["firebase.projects.get","firebasehosting.sites.update"]
[debug] [2024-04-09T09:36:09.361Z] > refreshing access token with scopes: []
[debug] [2024-04-09T09:36:09.365Z] >>> [apiv2][query] POST https://www.googleapis.com/oauth2/v3/token [none]
[debug] [2024-04-09T09:36:09.366Z] >>> [apiv2][body] POST https://www.googleapis.com/oauth2/v3/token [omitted]
[debug] [2024-04-09T09:36:41.803Z] <<< [apiv2][status] POST https://www.googleapis.com/oauth2/v3/token 200
[debug] [2024-04-09T09:36:41.804Z] <<< [apiv2][body] POST https://www.googleapis.com/oauth2/v3/token [omitted]
[debug] [2024-04-09T09:36:41.819Z] >>> [apiv2][query] POST https://cloudresourcemanager.googleapis.com/v1/projects/indian-ghats-project:testIamPermissions [none]
[debug] [2024-04-09T09:36:41.819Z] >>> [apiv2][(partial)header] POST https://cloudresourcemanager.googleapis.com/v1/projects/indian-ghats-project:testIamPermissions x-goog-quota-user=projects/indian-ghats-project
[debug] [2024-04-09T09:36:41.820Z] >>> [apiv2][body] POST https://cloudresourcemanager.googleapis.com/v1/projects/indian-ghats-project:testIamPermissions {"permissions":["firebase.projects.get","firebasehosting.sites.update"]}
[debug] [2024-04-09T10:14:30.512Z] *** [apiv2] error from fetch(https://cloudresourcemanager.googleapis.com/v1/projects/indian-ghats-project:testIamPermissions, {"headers":{},"method":"POST","body":"{\"permissions\":[\"firebase.projects.get\",\"firebasehosting.sites.update\"]}"}): FetchError: request to https://cloudresourcemanager.googleapis.com/v1/projects/indian-ghats-project:testIamPermissions failed, reason: read ECONNRESET
[debug] [2024-04-09T10:14:30.512Z] [iam] error while checking permissions, command may fail: FirebaseError: Failed to make request to https://cloudresourcemanager.googleapis.com/v1/projects/indian-ghats-project:testIamPermissions
[debug] [2024-04-09T10:14:30.514Z] >>> [apiv2][query] GET https://firebase.googleapis.com/v1beta1/projects/indian-ghats-project [none]
[debug] [2024-04-09T10:14:30.579Z] *** [apiv2] error from fetch(https://firebase.googleapis.com/v1beta1/projects/indian-ghats-project, {"headers":{},"method":"GET","signal":{}}): FetchError: request to https://firebase.googleapis.com/v1beta1/projects/indian-ghats-project failed, reason: getaddrinfo ENOTFOUND firebase.googleapis.com
[debug] [2024-04-09T10:14:30.579Z] Failed to make request to https://firebase.googleapis.com/v1beta1/projects/indian-ghats-project (original: request to https://firebase.googleapis.com/v1beta1/projects/indian-ghats-project failed, reason: getaddrinfo ENOTFOUND firebase.googleapis.com)
[error] 
[error] Error: Assertion failed: resolving hosting target of a site with no site name or target name. This should have caused an error earlier
